running develop
Removing /home/asaf/ros2_project/install/my_project_pkg/lib/python3.10/site-packages/my-project-pkg.egg-link (link to .)
running egg_info
writing ../../build/my_project_pkg/my_project_pkg.egg-info/PKG-INFO
writing dependency_links to ../../build/my_project_pkg/my_project_pkg.egg-info/dependency_links.txt
writing entry points to ../../build/my_project_pkg/my_project_pkg.egg-info/entry_points.txt
writing requirements to ../../build/my_project_pkg/my_project_pkg.egg-info/requires.txt
writing top-level names to ../../build/my_project_pkg/my_project_pkg.egg-info/top_level.txt
reading manifest file '../../build/my_project_pkg/my_project_pkg.egg-info/SOURCES.txt'
writing manifest file '../../build/my_project_pkg/my_project_pkg.egg-info/SOURCES.txt'
running build
running build_py
creating /home/asaf/ros2_project/build/my_project_pkg/build
creating /home/asaf/ros2_project/build/my_project_pkg/build/lib
creating /home/asaf/ros2_project/build/my_project_pkg/build/lib/my_project_pkg
copying my_project_pkg/optical_flow_node.py -> /home/asaf/ros2_project/build/my_project_pkg/build/lib/my_project_pkg
copying my_project_pkg/camera_calibrate_params.py -> /home/asaf/ros2_project/build/my_project_pkg/build/lib/my_project_pkg
copying my_project_pkg/__init__.py -> /home/asaf/ros2_project/build/my_project_pkg/build/lib/my_project_pkg
running install
running install_lib
creating /home/asaf/ros2_project/install/my_project_pkg/lib/python3.10/site-packages/my_project_pkg
copying /home/asaf/ros2_project/build/my_project_pkg/build/lib/my_project_pkg/optical_flow_node.py -> /home/asaf/ros2_project/install/my_project_pkg/lib/python3.10/site-packages/my_project_pkg
copying /home/asaf/ros2_project/build/my_project_pkg/build/lib/my_project_pkg/camera_calibrate_params.py -> /home/asaf/ros2_project/install/my_project_pkg/lib/python3.10/site-packages/my_project_pkg
copying /home/asaf/ros2_project/build/my_project_pkg/build/lib/my_project_pkg/__init__.py -> /home/asaf/ros2_project/install/my_project_pkg/lib/python3.10/site-packages/my_project_pkg
byte-compiling /home/asaf/ros2_project/install/my_project_pkg/lib/python3.10/site-packages/my_project_pkg/optical_flow_node.py to optical_flow_node.cpython-310.pyc
byte-compiling /home/asaf/ros2_project/install/my_project_pkg/lib/python3.10/site-packages/my_project_pkg/camera_calibrate_params.py to camera_calibrate_params.cpython-310.pyc
byte-compiling /home/asaf/ros2_project/install/my_project_pkg/lib/python3.10/site-packages/my_project_pkg/__init__.py to __init__.cpython-310.pyc
running install_data
running install_egg_info
Copying ../../build/my_project_pkg/my_project_pkg.egg-info to /home/asaf/ros2_project/install/my_project_pkg/lib/python3.10/site-packages/my_project_pkg-0.0.0-py3.10.egg-info
running install_scripts
Installing optical_flow_run script to /home/asaf/ros2_project/install/my_project_pkg/lib/my_project_pkg
writing list of installed files to '/home/asaf/ros2_project/build/my_project_pkg/install.log'
