running develop
running egg_info
creating my_project_pkg.egg-info
writing my_project_pkg.egg-info/PKG-INFO
writing dependency_links to my_project_pkg.egg-info/dependency_links.txt
writing entry points to my_project_pkg.egg-info/entry_points.txt
writing requirements to my_project_pkg.egg-info/requires.txt
writing top-level names to my_project_pkg.egg-info/top_level.txt
writing manifest file 'my_project_pkg.egg-info/SOURCES.txt'
reading manifest file 'my_project_pkg.egg-info/SOURCES.txt'
writing manifest file 'my_project_pkg.egg-info/SOURCES.txt'
running build_ext
Creating /home/asaf/ros2_project/install/my_project_pkg/lib/python3.10/site-packages/my-project-pkg.egg-link (link to .)

Installed /home/asaf/ros2_project/build/my_project_pkg
running install_data
creating /home/asaf/ros2_project/install/my_project_pkg/share/ament_index
creating /home/asaf/ros2_project/install/my_project_pkg/share/ament_index/resource_index
creating /home/asaf/ros2_project/install/my_project_pkg/share/ament_index/resource_index/packages
copying resource/my_project_pkg -> /home/asaf/ros2_project/install/my_project_pkg/share/ament_index/resource_index/packages
copying package.xml -> /home/asaf/ros2_project/install/my_project_pkg/share/my_project_pkg
