[0.816s] Invoking command in '/home/asaf/ros2_project/build/my_project_pkg': PYTHONPATH=/home/asaf/ros2_project/build/my_project_pkg/prefix_override:/home/asaf/ros2_project/install/my_project_pkg/lib/python3.10/site-packages:${PYTHONPATH} /usr/bin/python3 setup.py develop --editable --build-directory /home/asaf/ros2_project/build/my_project_pkg/build --no-deps install_data
[1.105s] running develop
[1.269s] running egg_info
[1.269s] creating my_project_pkg.egg-info
[1.269s] writing my_project_pkg.egg-info/PKG-INFO
[1.269s] writing dependency_links to my_project_pkg.egg-info/dependency_links.txt
[1.269s] writing entry points to my_project_pkg.egg-info/entry_points.txt
[1.269s] writing requirements to my_project_pkg.egg-info/requires.txt
[1.269s] writing top-level names to my_project_pkg.egg-info/top_level.txt
[1.269s] writing manifest file 'my_project_pkg.egg-info/SOURCES.txt'
[1.271s] reading manifest file 'my_project_pkg.egg-info/SOURCES.txt'
[1.272s] writing manifest file 'my_project_pkg.egg-info/SOURCES.txt'
[1.273s] running build_ext
[1.273s] Creating /home/asaf/ros2_project/install/my_project_pkg/lib/python3.10/site-packages/my-project-pkg.egg-link (link to .)
[1.274s] 
[1.274s] Installed /home/asaf/ros2_project/build/my_project_pkg
[1.274s] running install_data
[1.274s] creating /home/asaf/ros2_project/install/my_project_pkg/share/ament_index
[1.274s] creating /home/asaf/ros2_project/install/my_project_pkg/share/ament_index/resource_index
[1.274s] creating /home/asaf/ros2_project/install/my_project_pkg/share/ament_index/resource_index/packages
[1.274s] copying resource/my_project_pkg -> /home/asaf/ros2_project/install/my_project_pkg/share/ament_index/resource_index/packages
[1.275s] copying package.xml -> /home/asaf/ros2_project/install/my_project_pkg/share/my_project_pkg
[1.306s] Invoked command in '/home/asaf/ros2_project/build/my_project_pkg' returned '0': PYTHONPATH=/home/asaf/ros2_project/build/my_project_pkg/prefix_override:/home/asaf/ros2_project/install/my_project_pkg/lib/python3.10/site-packages:${PYTHONPATH} /usr/bin/python3 setup.py develop --editable --build-directory /home/asaf/ros2_project/build/my_project_pkg/build --no-deps install_data
